0 info it worked if it ends with ok
1 verbose cli [ 'C:\\Program Files (x86)\\nodejs\\node.exe',
1 verbose cli   'C:\\Program Files (x86)\\nodejs\\node_modules\\npm\\bin\\npm-cli.js',
1 verbose cli   'install',
1 verbose cli   '-g',
1 verbose cli   'bower-cli' ]
2 info using npm@1.4.28
3 info using node@v0.10.36
4 verbose cache add [ 'bower-cli', null ]
5 verbose cache add name=undefined spec="bower-cli" args=["bower-cli",null]
6 verbose parsed url { protocol: null,
6 verbose parsed url   slashes: null,
6 verbose parsed url   auth: null,
6 verbose parsed url   host: null,
6 verbose parsed url   port: null,
6 verbose parsed url   hostname: null,
6 verbose parsed url   hash: null,
6 verbose parsed url   search: null,
6 verbose parsed url   query: null,
6 verbose parsed url   pathname: 'bower-cli',
6 verbose parsed url   path: 'bower-cli',
6 verbose parsed url   href: 'bower-cli' }
7 silly lockFile b5fc92bc-bower-cli bower-cli
8 verbose lock bower-cli C:\Users\Lenovo G40\AppData\Roaming\npm-cache\b5fc92bc-bower-cli.lock
9 silly lockFile b5fc92bc-bower-cli bower-cli
10 silly lockFile b5fc92bc-bower-cli bower-cli
11 verbose addNamed [ 'bower-cli', '' ]
12 verbose addNamed [ null, '*' ]
13 silly lockFile 8942fdc3-bower-cli bower-cli@
14 verbose lock bower-cli@ C:\Users\Lenovo G40\AppData\Roaming\npm-cache\8942fdc3-bower-cli.lock
15 silly addNameRange { name: 'bower-cli', range: '*', hasData: false }
16 verbose request where is /bower-cli
17 verbose request registry https://registry.npmjs.org/
18 verbose request id a3bfba73a6c8a5a0
19 verbose url raw /bower-cli
20 verbose url resolving [ 'https://registry.npmjs.org/', './bower-cli' ]
21 verbose url resolved https://registry.npmjs.org/bower-cli
22 verbose request where is https://registry.npmjs.org/bower-cli
23 info trying registry request attempt 1 at 19:23:50
24 http GET https://registry.npmjs.org/bower-cli
25 http 404 https://registry.npmjs.org/bower-cli
26 silly registry.get cb [ 404,
26 silly registry.get   { 'content-type': 'application/json',
26 silly registry.get     'cache-control': 'max-age=0',
26 silly registry.get     'content-length': '2',
26 silly registry.get     'accept-ranges': 'bytes',
26 silly registry.get     date: 'Fri, 29 Apr 2016 00:23:53 GMT',
26 silly registry.get     via: '1.1 varnish',
26 silly registry.get     age: '0',
26 silly registry.get     connection: 'keep-alive',
26 silly registry.get     'x-served-by': 'cache-atl6240-ATL',
26 silly registry.get     'x-cache': 'MISS',
26 silly registry.get     'x-cache-hits': '0',
26 silly registry.get     'x-timer': 'S1461889433.658945,VS0,VE35',
26 silly registry.get     vary: 'Accept-Encoding' } ]
27 silly lockFile 8942fdc3-bower-cli bower-cli@
28 silly lockFile 8942fdc3-bower-cli bower-cli@
29 error 404 Not Found
29 error 404
29 error 404 'bower-cli' is not in the npm registry.
29 error 404 You should bug the author to publish it
29 error 404
29 error 404 Note that you can also install from a
29 error 404 tarball, folder, or http url, or git url.
30 error System Windows_NT 6.2.9200
31 error command "C:\\Program Files (x86)\\nodejs\\node.exe" "C:\\Program Files (x86)\\nodejs\\node_modules\\npm\\bin\\npm-cli.js" "install" "-g" "bower-cli"
32 error cwd C:\Users\Lenovo G40\Documents\proyecto\CIP
33 error node -v v0.10.36
34 error npm -v 1.4.28
35 error code E404
36 verbose exit [ 1, true ]
